<?xml version="1.0" encoding="UTF-8"?>
<testsuites name="Login Data validation" time="33.403" tests="1" failures="0" errors="0">
   <testsuite name="Login Data validation" tests="1" failures="0" errors="0" time="33.403" skipped="0" timestamp="2023-10-16 10:39:06" hostname="Salmina Lephalle - DESKTOP-I5U5259" id="Test Suites/Login-validating data/Login Data validation">
      <properties>
         <property name="deviceName" value=""/>
         <property name="devicePlatform" value=""/>
         <property name="logFolder" value="C:\\Users\\Salmina Lephalle\\git\\pt.track-practice\\Reports\\20231016_103901\\Login-validating data\\Login Data validation\\20231016_103901"/>
         <property name="logFiles" value="C:\\Users\\Salmina Lephalle\\git\\pt.track-practice\\Reports\\20231016_103901\\Login-validating data\\Login Data validation\\20231016_103901\\execution0.log"/>
         <property name="attachments" value=""/>
         <property name="hostName" value="Salmina Lephalle - DESKTOP-I5U5259"/>
         <property name="os" value="Windows 10 64bit"/>
         <property name="katalonVersion" value="8.6.5.208"/>
         <property name="browser" value="Firefox 118.0"/>
         <property name="hostAddress" value="192.168.0.89"/>
         <property name="sessionId" value="dc30a1b1-99dd-4f93-80b9-7f8bcb7f9a84"/>
         <property name="seleniumVersion" value="3.141.59"/>
         <property name="proxyInformation" value="ProxyInformation { proxyOption=NO_PROXY, proxyServerType=HTTP, username=, password=********, proxyServerAddress=, proxyServerPort=0, executionList=&quot;&quot;, isApplyToDesiredCapabilities=true }"/>
         <property name="platform" value="Windows 10"/>
      </properties>
      <testcase name="Test Cases/Login test/Login-validating test data" time="32.808" classname="Test Cases/Login test/Login-validating test data" status="PASSED">
         <system-out><![CDATA[2023-10-16 10:39:07 - [TEST_CASE][PASSED] - Test Cases/Login test/Login-validating test data: Test Cases/Login test/Login-validating test data

2023-10-16 10:39:07 - [TEST_STEP][PASSED] - openBrowser(""): Browser is opened with url: ''

2023-10-16 10:39:08 - [MESSAGE][INFO] - Starting 'Firefox' driver

2023-10-16 10:39:08 - [MESSAGE][INFO] - Action delay is set to 0 milliseconds

2023-10-16 10:39:16 - [MESSAGE][PASSED] - Browser is opened with url: ''

2023-10-16 10:39:16 - [TEST_STEP][PASSED] - navigateToUrl("https://pointposmqa.live1.dev.radixweb.net/pointposm#/cHJvamVjdHdpc2VBY3RpdmF0aW9uUHJvY2Vzcw0000"): Navigate to 'https://pointposmqa.live1.dev.radixweb.net/pointposm#/cHJvamVjdHdpc2VBY3RpdmF0aW9uUHJvY2Vzcw0000' successfully

2023-10-16 10:39:36 - [MESSAGE][PASSED] - Navigate to 'https://pointposmqa.live1.dev.radixweb.net/pointposm#/cHJvamVjdHdpc2VBY3RpdmF0aW9uUHJvY2Vzcw0000' successfully

2023-10-16 10:39:36 - [TEST_STEP][PASSED] - setText(findTestObject("Object Repository/Validating test data/Page_Point POSM/input_Login_email"), Username): Text 'Raeesa@pointgroup.biz' is set on object 'Object Repository/Validating test data/Page_Point POSM/input_Login_email'

2023-10-16 10:39:37 - [MESSAGE][PASSED] - Text 'Raeesa@pointgroup.biz' is set on object 'Object Repository/Validating test data/Page_Point POSM/input_Login_email'

2023-10-16 10:39:37 - [TEST_STEP][PASSED] - setText(findTestObject("Validating test data/Page_Point POSM/input_Login_password"), Password): Text '123456' is set on object 'Object Repository/Validating test data/Page_Point POSM/input_Login_password'

2023-10-16 10:39:38 - [MESSAGE][PASSED] - Text '123456' is set on object 'Object Repository/Validating test data/Page_Point POSM/input_Login_password'

2023-10-16 10:39:38 - [TEST_STEP][PASSED] - click(findTestObject("Object Repository/Validating test data/Page_Point POSM/button_Sign in")): Object: 'Object Repository/Validating test data/Page_Point POSM/button_Sign in' is clicked on

2023-10-16 10:39:38 - [MESSAGE][PASSED] - Object: 'Object Repository/Validating test data/Page_Point POSM/button_Sign in' is clicked on

2023-10-16 10:39:38 - [TEST_STEP][PASSED] - closeBrowser(): Browser is closed

2023-10-16 10:39:40 - [MESSAGE][PASSED] - Browser is closed]]></system-out>
         <system-err><![CDATA[]]></system-err>
      </testcase>
      <system-out><![CDATA[2023-10-16 10:39:06 - [TEST_SUITE][PASSED] - Login Data validation: Test Cases/Login test/Login-validating test data]]></system-out>
      <system-err><![CDATA[]]></system-err>
   </testsuite>
</testsuites>
